Added Component: Designator=C1(CH0603C)
Add component. Clean all parameters for all variants
Add component (AddParameter): Name = "ComponentKind"; Value = ""; VariantName = "[No Variations]"
Add component (AddParameter): Name = "HelpURL"; Value = ""; VariantName = "[No Variations]"
Add component (AddParameter): Name = "Manufacturer"; Value = ""; VariantName = "[No Variations]"
Add component (AddParameter): Name = "Model"; Value = ""; VariantName = "[No Variations]"
Add component (AddParameter): Name = "Value"; Value = ""; VariantName = "[No Variations]"
Added Component: Designator=C2(CH0603C)
Add component. Clean all parameters for all variants
Add component (AddParameter): Name = "ComponentKind"; Value = ""; VariantName = "[No Variations]"
Add component (AddParameter): Name = "HelpURL"; Value = ""; VariantName = "[No Variations]"
Add component (AddParameter): Name = "Manufacturer"; Value = ""; VariantName = "[No Variations]"
Add component (AddParameter): Name = "Model"; Value = ""; VariantName = "[No Variations]"
Add component (AddParameter): Name = "Value"; Value = ""; VariantName = "[No Variations]"
Added Component: Designator=C3(CH0603C)
Add component. Clean all parameters for all variants
Add component (AddParameter): Name = "ComponentKind"; Value = ""; VariantName = "[No Variations]"
Add component (AddParameter): Name = "HelpURL"; Value = ""; VariantName = "[No Variations]"
Add component (AddParameter): Name = "Manufacturer"; Value = ""; VariantName = "[No Variations]"
Add component (AddParameter): Name = "Model"; Value = ""; VariantName = "[No Variations]"
Add component (AddParameter): Name = "Value"; Value = ""; VariantName = "[No Variations]"
Added Component: Designator=C4(CH0603C)
Add component. Clean all parameters for all variants
Add component (AddParameter): Name = "ComponentKind"; Value = ""; VariantName = "[No Variations]"
Add component (AddParameter): Name = "HelpURL"; Value = ""; VariantName = "[No Variations]"
Add component (AddParameter): Name = "Manufacturer"; Value = ""; VariantName = "[No Variations]"
Add component (AddParameter): Name = "Model"; Value = ""; VariantName = "[No Variations]"
Add component (AddParameter): Name = "Value"; Value = ""; VariantName = "[No Variations]"
Added Component: Designator=C5(CH0603C)
Add component. Clean all parameters for all variants
Add component (AddParameter): Name = "ComponentKind"; Value = ""; VariantName = "[No Variations]"
Add component (AddParameter): Name = "HelpURL"; Value = ""; VariantName = "[No Variations]"
Add component (AddParameter): Name = "Manufacturer"; Value = ""; VariantName = "[No Variations]"
Add component (AddParameter): Name = "Model"; Value = ""; VariantName = "[No Variations]"
Add component (AddParameter): Name = "Value"; Value = ""; VariantName = "[No Variations]"
Added Component: Designator=C6(CH0603C)
Add component. Clean all parameters for all variants
Add component (AddParameter): Name = "ComponentKind"; Value = ""; VariantName = "[No Variations]"
Add component (AddParameter): Name = "HelpURL"; Value = ""; VariantName = "[No Variations]"
Add component (AddParameter): Name = "Manufacturer"; Value = ""; VariantName = "[No Variations]"
Add component (AddParameter): Name = "Model"; Value = ""; VariantName = "[No Variations]"
Add component (AddParameter): Name = "Value"; Value = ""; VariantName = "[No Variations]"
Added Component: Designator=C7(CH0603C)
Add component. Clean all parameters for all variants
Add component (AddParameter): Name = "ComponentKind"; Value = ""; VariantName = "[No Variations]"
Add component (AddParameter): Name = "HelpURL"; Value = ""; VariantName = "[No Variations]"
Add component (AddParameter): Name = "Manufacturer"; Value = ""; VariantName = "[No Variations]"
Add component (AddParameter): Name = "Model"; Value = ""; VariantName = "[No Variations]"
Add component (AddParameter): Name = "Value"; Value = ""; VariantName = "[No Variations]"
Added Component: Designator=C8(CH0603C)
Add component. Clean all parameters for all variants
Add component (AddParameter): Name = "ComponentKind"; Value = ""; VariantName = "[No Variations]"
Add component (AddParameter): Name = "HelpURL"; Value = ""; VariantName = "[No Variations]"
Add component (AddParameter): Name = "Manufacturer"; Value = ""; VariantName = "[No Variations]"
Add component (AddParameter): Name = "Model"; Value = ""; VariantName = "[No Variations]"
Add component (AddParameter): Name = "Value"; Value = ""; VariantName = "[No Variations]"
Added Component: Designator=C9(CH0603C)
Add component. Clean all parameters for all variants
Add component (AddParameter): Name = "ComponentKind"; Value = ""; VariantName = "[No Variations]"
Add component (AddParameter): Name = "HelpURL"; Value = ""; VariantName = "[No Variations]"
Add component (AddParameter): Name = "Manufacturer"; Value = ""; VariantName = "[No Variations]"
Add component (AddParameter): Name = "Model"; Value = ""; VariantName = "[No Variations]"
Add component (AddParameter): Name = "Value"; Value = ""; VariantName = "[No Variations]"
Added Component: Designator=C10(CH0603C)
Add component. Clean all parameters for all variants
Add component (AddParameter): Name = "ComponentKind"; Value = ""; VariantName = "[No Variations]"
Add component (AddParameter): Name = "HelpURL"; Value = ""; VariantName = "[No Variations]"
Add component (AddParameter): Name = "Manufacturer"; Value = ""; VariantName = "[No Variations]"
Add component (AddParameter): Name = "Model"; Value = ""; VariantName = "[No Variations]"
Add component (AddParameter): Name = "Value"; Value = ""; VariantName = "[No Variations]"
Added Component: Designator=C11(CH0603C)
Add component. Clean all parameters for all variants
Add component (AddParameter): Name = "ComponentKind"; Value = ""; VariantName = "[No Variations]"
Add component (AddParameter): Name = "HelpURL"; Value = ""; VariantName = "[No Variations]"
Add component (AddParameter): Name = "Manufacturer"; Value = ""; VariantName = "[No Variations]"
Add component (AddParameter): Name = "Model"; Value = ""; VariantName = "[No Variations]"
Add component (AddParameter): Name = "Value"; Value = ""; VariantName = "[No Variations]"
Added Component: Designator=C12(CH0603C)
Add component. Clean all parameters for all variants
Add component (AddParameter): Name = "ComponentKind"; Value = ""; VariantName = "[No Variations]"
Add component (AddParameter): Name = "HelpURL"; Value = ""; VariantName = "[No Variations]"
Add component (AddParameter): Name = "Manufacturer"; Value = ""; VariantName = "[No Variations]"
Add component (AddParameter): Name = "Model"; Value = ""; VariantName = "[No Variations]"
Add component (AddParameter): Name = "Value"; Value = ""; VariantName = "[No Variations]"
Added Component: Designator=C13(CH0603C)
Add component. Clean all parameters for all variants
Add component (AddParameter): Name = "ComponentKind"; Value = ""; VariantName = "[No Variations]"
Add component (AddParameter): Name = "HelpURL"; Value = ""; VariantName = "[No Variations]"
Add component (AddParameter): Name = "Manufacturer"; Value = ""; VariantName = "[No Variations]"
Add component (AddParameter): Name = "Model"; Value = ""; VariantName = "[No Variations]"
Add component (AddParameter): Name = "Value"; Value = ""; VariantName = "[No Variations]"
Added Component: Designator=C14(CH0603C)
Add component. Clean all parameters for all variants
Add component (AddParameter): Name = "ComponentKind"; Value = ""; VariantName = "[No Variations]"
Add component (AddParameter): Name = "HelpURL"; Value = ""; VariantName = "[No Variations]"
Add component (AddParameter): Name = "Manufacturer"; Value = ""; VariantName = "[No Variations]"
Add component (AddParameter): Name = "Model"; Value = ""; VariantName = "[No Variations]"
Add component (AddParameter): Name = "Value"; Value = ""; VariantName = "[No Variations]"
Added Component: Designator=D1(CH0603LB)
Add component. Clean all parameters for all variants
Add component (AddParameter): Name = "ComponentKind"; Value = ""; VariantName = "[No Variations]"
Add component (AddParameter): Name = "HelpURL"; Value = ""; VariantName = "[No Variations]"
Add component (AddParameter): Name = "Manufacturer"; Value = ""; VariantName = "[No Variations]"
Add component (AddParameter): Name = "Model"; Value = ""; VariantName = "[No Variations]"
Add component (AddParameter): Name = "Value"; Value = ""; VariantName = "[No Variations]"
Added Component: Designator=D2(CH0603LR)
Add component. Clean all parameters for all variants
Add component (AddParameter): Name = "ComponentKind"; Value = ""; VariantName = "[No Variations]"
Add component (AddParameter): Name = "HelpURL"; Value = ""; VariantName = "[No Variations]"
Add component (AddParameter): Name = "Manufacturer"; Value = ""; VariantName = "[No Variations]"
Add component (AddParameter): Name = "Model"; Value = ""; VariantName = "[No Variations]"
Add component (AddParameter): Name = "Value"; Value = ""; VariantName = "[No Variations]"
Added Component: Designator=Header 3X2(Header 3X2)
Add component. Clean all parameters for all variants
Added Component: Designator=Header 4(header 4)
Add component. Clean all parameters for all variants
Added Component: Designator=Header 20.2(Header 20)
Add component. Clean all parameters for all variants
Added Component: Designator=Header 20(Header 20)
Add component. Clean all parameters for all variants
Added Component: Designator=R1(CH0603R)
Add component. Clean all parameters for all variants
Add component (AddParameter): Name = "ComponentKind"; Value = ""; VariantName = "[No Variations]"
Add component (AddParameter): Name = "HelpURL"; Value = ""; VariantName = "[No Variations]"
Add component (AddParameter): Name = "Manufacturer"; Value = ""; VariantName = "[No Variations]"
Add component (AddParameter): Name = "Model"; Value = ""; VariantName = "[No Variations]"
Add component (AddParameter): Name = "Value"; Value = ""; VariantName = "[No Variations]"
Added Component: Designator=R2(CH0603R)
Add component. Clean all parameters for all variants
Add component (AddParameter): Name = "ComponentKind"; Value = ""; VariantName = "[No Variations]"
Add component (AddParameter): Name = "HelpURL"; Value = ""; VariantName = "[No Variations]"
Add component (AddParameter): Name = "Manufacturer"; Value = ""; VariantName = "[No Variations]"
Add component (AddParameter): Name = "Model"; Value = ""; VariantName = "[No Variations]"
Add component (AddParameter): Name = "Value"; Value = ""; VariantName = "[No Variations]"
Added Component: Designator=R3(CH0603R)
Add component. Clean all parameters for all variants
Add component (AddParameter): Name = "ComponentKind"; Value = ""; VariantName = "[No Variations]"
Add component (AddParameter): Name = "HelpURL"; Value = ""; VariantName = "[No Variations]"
Add component (AddParameter): Name = "Manufacturer"; Value = ""; VariantName = "[No Variations]"
Add component (AddParameter): Name = "Model"; Value = ""; VariantName = "[No Variations]"
Add component (AddParameter): Name = "Value"; Value = ""; VariantName = "[No Variations]"
Added Component: Designator=R4(CH0603R)
Add component. Clean all parameters for all variants
Add component (AddParameter): Name = "ComponentKind"; Value = ""; VariantName = "[No Variations]"
Add component (AddParameter): Name = "HelpURL"; Value = ""; VariantName = "[No Variations]"
Add component (AddParameter): Name = "Manufacturer"; Value = ""; VariantName = "[No Variations]"
Add component (AddParameter): Name = "Model"; Value = ""; VariantName = "[No Variations]"
Add component (AddParameter): Name = "Value"; Value = ""; VariantName = "[No Variations]"
Added Component: Designator=R5(CH0603R)
Add component. Clean all parameters for all variants
Add component (AddParameter): Name = "ComponentKind"; Value = ""; VariantName = "[No Variations]"
Add component (AddParameter): Name = "HelpURL"; Value = ""; VariantName = "[No Variations]"
Add component (AddParameter): Name = "Manufacturer"; Value = ""; VariantName = "[No Variations]"
Add component (AddParameter): Name = "Model"; Value = ""; VariantName = "[No Variations]"
Add component (AddParameter): Name = "Value"; Value = ""; VariantName = "[No Variations]"
Added Component: Designator=R6(CH0603R)
Add component. Clean all parameters for all variants
Add component (AddParameter): Name = "ComponentKind"; Value = ""; VariantName = "[No Variations]"
Add component (AddParameter): Name = "HelpURL"; Value = ""; VariantName = "[No Variations]"
Add component (AddParameter): Name = "Manufacturer"; Value = ""; VariantName = "[No Variations]"
Add component (AddParameter): Name = "Model"; Value = ""; VariantName = "[No Variations]"
Add component (AddParameter): Name = "Value"; Value = ""; VariantName = "[No Variations]"
Added Component: Designator=R9(CH0603R)
Add component. Clean all parameters for all variants
Add component (AddParameter): Name = "ComponentKind"; Value = ""; VariantName = "[No Variations]"
Add component (AddParameter): Name = "HelpURL"; Value = ""; VariantName = "[No Variations]"
Add component (AddParameter): Name = "Manufacturer"; Value = ""; VariantName = "[No Variations]"
Add component (AddParameter): Name = "Model"; Value = ""; VariantName = "[No Variations]"
Add component (AddParameter): Name = "Value"; Value = ""; VariantName = "[No Variations]"
Added Component: Designator=R10(CH0603R)
Add component. Clean all parameters for all variants
Add component (AddParameter): Name = "ComponentKind"; Value = ""; VariantName = "[No Variations]"
Add component (AddParameter): Name = "HelpURL"; Value = ""; VariantName = "[No Variations]"
Add component (AddParameter): Name = "Manufacturer"; Value = ""; VariantName = "[No Variations]"
Add component (AddParameter): Name = "Model"; Value = ""; VariantName = "[No Variations]"
Add component (AddParameter): Name = "Value"; Value = ""; VariantName = "[No Variations]"
Added Component: Designator=R11(CH0603R)
Add component. Clean all parameters for all variants
Add component (AddParameter): Name = "ComponentKind"; Value = ""; VariantName = "[No Variations]"
Add component (AddParameter): Name = "HelpURL"; Value = ""; VariantName = "[No Variations]"
Add component (AddParameter): Name = "Manufacturer"; Value = ""; VariantName = "[No Variations]"
Add component (AddParameter): Name = "Model"; Value = ""; VariantName = "[No Variations]"
Add component (AddParameter): Name = "Value"; Value = ""; VariantName = "[No Variations]"
Added Component: Designator=Regulator(MIC5205-3.3YM5-TR)
Add component. Clean all parameters for all variants
Added Component: Designator=stm32(STM32F103C8T6)
Add component. Clean all parameters for all variants
Added Component: Designator=SW(Switch)
Add component. Clean all parameters for all variants
Added Component: Designator=USB micro(USB MICRO)
Add component. Clean all parameters for all variants
Added Component: Designator=Y2(HC49)
Add component. Clean all parameters for all variants
Added Component: Designator=Y3(OSC: 3215)
Add component. Clean all parameters for all variants
Add component (AddParameter): Name = "ComponentKind"; Value = ""; VariantName = "[No Variations]"
Add component (AddParameter): Name = "HelpURL"; Value = ""; VariantName = "[No Variations]"
Add component (AddParameter): Name = "Manufacturer"; Value = ""; VariantName = "[No Variations]"
Add component (AddParameter): Name = "Model"; Value = ""; VariantName = "[No Variations]"
Add component (AddParameter): Name = "Value"; Value = ""; VariantName = "[No Variations]"
Added Pin To Net: NetName=5V Pin=C5-2
Added Pin To Net: NetName=5V Pin=Header 20.2-3
Added Pin To Net: NetName=5V Pin=R10-1
Added Pin To Net: NetName=5V Pin=Regulator-1
Added Pin To Net: NetName=5V Pin=Regulator-3
Added Pin To Net: NetName=5V Pin=USB micro-1
Added Net: Name=5V
Added Pin To Net: NetName=BOOT0 Pin=R3-1
Added Pin To Net: NetName=BOOT0 Pin=stm32-44
Added Net: Name=BOOT0
Added Pin To Net: NetName=BOOT1 Pin=R4-2
Added Pin To Net: NetName=BOOT1 Pin=stm32-20
Added Net: Name=BOOT1
Added Pin To Net: NetName=GND Pin=C1-1
Added Pin To Net: NetName=GND Pin=C2-1
Added Pin To Net: NetName=GND Pin=C3-1
Added Pin To Net: NetName=GND Pin=C4-1
Added Pin To Net: NetName=GND Pin=C5-1
Added Pin To Net: NetName=GND Pin=C6-1
Added Pin To Net: NetName=GND Pin=C7-1
Added Pin To Net: NetName=GND Pin=C8-1
Added Pin To Net: NetName=GND Pin=C9-1
Added Pin To Net: NetName=GND Pin=C10-1
Added Pin To Net: NetName=GND Pin=C11-1
Added Pin To Net: NetName=GND Pin=C12-1
Added Pin To Net: NetName=GND Pin=C13-1
Added Pin To Net: NetName=GND Pin=C14-1
Added Pin To Net: NetName=GND Pin=Header 3X2-5
Added Pin To Net: NetName=GND Pin=Header 3X2-6
Added Pin To Net: NetName=GND Pin=Header 4-4
Added Pin To Net: NetName=GND Pin=Header 20-19
Added Pin To Net: NetName=GND Pin=Header 20-20
Added Pin To Net: NetName=GND Pin=Header 20.2-2
Added Pin To Net: NetName=GND Pin=Regulator-2
Added Pin To Net: NetName=GND Pin=stm32-8
Added Pin To Net: NetName=GND Pin=stm32-23
Added Pin To Net: NetName=GND Pin=stm32-35
Added Pin To Net: NetName=GND Pin=stm32-47
Added Pin To Net: NetName=GND Pin=SW-2
Added Pin To Net: NetName=GND Pin=USB micro-4
Added Pin To Net: NetName=GND Pin=USB micro-5
Added Net: Name=GND
Added Pin To Net: NetName=NetC2_2 Pin=C2-2
Added Pin To Net: NetName=NetC2_2 Pin=R2-1
Added Net: Name=NetC2_2
Added Pin To Net: NetName=NetC7_2 Pin=C7-2
Added Pin To Net: NetName=NetC7_2 Pin=Regulator-4
Added Net: Name=NetC7_2
Added Pin To Net: NetName=NetD1_2 Pin=D1-2
Added Pin To Net: NetName=NetD1_2 Pin=R1-1
Added Net: Name=NetD1_2
Added Pin To Net: NetName=NetD2_2 Pin=D2-2
Added Pin To Net: NetName=NetD2_2 Pin=R5-1
Added Net: Name=NetD2_2
Added Pin To Net: NetName=NetHeader 3X2_3 Pin=Header 3X2-3
Added Pin To Net: NetName=NetHeader 3X2_3 Pin=R3-2
Added Net: Name=NetHeader 3X2_3
Added Pin To Net: NetName=NetHeader 3X2_4 Pin=Header 3X2-4
Added Pin To Net: NetName=NetHeader 3X2_4 Pin=R4-1
Added Net: Name=NetHeader 3X2_4
Added Pin To Net: NetName=NetR9_1 Pin=R9-1
Added Pin To Net: NetName=NetR9_1 Pin=USB micro-2
Added Net: Name=NetR9_1
Added Pin To Net: NetName=NetR11_1 Pin=R11-1
Added Pin To Net: NetName=NetR11_1 Pin=USB micro-3
Added Net: Name=NetR11_1
Added Pin To Net: NetName=OSCIN Pin=R6-2
Added Pin To Net: NetName=OSCIN Pin=stm32-5
Added Pin To Net: NetName=OSCIN Pin=Y2-2
Added Net: Name=OSCIN
Added Pin To Net: NetName=OSCOUT Pin=C14-2
Added Pin To Net: NetName=OSCOUT Pin=R6-1
Added Pin To Net: NetName=OSCOUT Pin=stm32-6
Added Pin To Net: NetName=OSCOUT Pin=Y2-1
Added Net: Name=OSCOUT
Added Pin To Net: NetName=PA0 Pin=Header 20-5
Added Pin To Net: NetName=PA0 Pin=stm32-10
Added Net: Name=PA0
Added Pin To Net: NetName=PA1 Pin=Header 20-6
Added Pin To Net: NetName=PA1 Pin=stm32-11
Added Net: Name=PA1
Added Pin To Net: NetName=PA2 Pin=Header 20-7
Added Pin To Net: NetName=PA2 Pin=stm32-12
Added Net: Name=PA2
Added Pin To Net: NetName=PA3 Pin=Header 20-8
Added Pin To Net: NetName=PA3 Pin=stm32-13
Added Net: Name=PA3
Added Pin To Net: NetName=PA4 Pin=Header 20-9
Added Pin To Net: NetName=PA4 Pin=stm32-14
Added Net: Name=PA4
Added Pin To Net: NetName=PA5 Pin=Header 20-10
Added Pin To Net: NetName=PA5 Pin=stm32-15
Added Net: Name=PA5
Added Pin To Net: NetName=PA6 Pin=Header 20-11
Added Pin To Net: NetName=PA6 Pin=stm32-16
Added Net: Name=PA6
Added Pin To Net: NetName=PA7 Pin=Header 20-12
Added Pin To Net: NetName=PA7 Pin=stm32-17
Added Net: Name=PA7
Added Pin To Net: NetName=PA8 Pin=Header 20.2-16
Added Pin To Net: NetName=PA8 Pin=stm32-29
Added Net: Name=PA8
Added Pin To Net: NetName=PA9 Pin=Header 20.2-15
Added Pin To Net: NetName=PA9 Pin=stm32-30
Added Net: Name=PA9
Added Pin To Net: NetName=PA10 Pin=Header 20.2-14
Added Pin To Net: NetName=PA10 Pin=stm32-31
Added Net: Name=PA10
Added Pin To Net: NetName=PA11 Pin=Header 20.2-13
Added Pin To Net: NetName=PA11 Pin=stm32-32
Added Net: Name=PA11
Added Pin To Net: NetName=PA12 Pin=Header 20.2-12
Added Pin To Net: NetName=PA12 Pin=R10-2
Added Pin To Net: NetName=PA12 Pin=R11-2
Added Pin To Net: NetName=PA12 Pin=stm32-33
Added Net: Name=PA12
Added Pin To Net: NetName=PA15 Pin=Header 20.2-11
Added Pin To Net: NetName=PA15 Pin=stm32-38
Added Net: Name=PA15
Added Pin To Net: NetName=PB0 Pin=Header 20-13
Added Pin To Net: NetName=PB0 Pin=stm32-18
Added Net: Name=PB0
Added Pin To Net: NetName=PB1 Pin=Header 20-14
Added Pin To Net: NetName=PB1 Pin=stm32-19
Added Net: Name=PB1
Added Pin To Net: NetName=PB3 Pin=Header 20.2-10
Added Pin To Net: NetName=PB3 Pin=stm32-39
Added Net: Name=PB3
Added Pin To Net: NetName=PB4 Pin=Header 20.2-9
Added Pin To Net: NetName=PB4 Pin=stm32-40
Added Net: Name=PB4
Added Pin To Net: NetName=PB5 Pin=Header 20.2-8
Added Pin To Net: NetName=PB5 Pin=stm32-41
Added Net: Name=PB5
Added Pin To Net: NetName=PB6 Pin=Header 20.2-7
Added Pin To Net: NetName=PB6 Pin=stm32-42
Added Net: Name=PB6
Added Pin To Net: NetName=PB7 Pin=Header 20.2-6
Added Pin To Net: NetName=PB7 Pin=stm32-43
Added Net: Name=PB7
Added Pin To Net: NetName=PB8 Pin=Header 20.2-5
Added Pin To Net: NetName=PB8 Pin=stm32-45
Added Net: Name=PB8
Added Pin To Net: NetName=PB9 Pin=Header 20.2-4
Added Pin To Net: NetName=PB9 Pin=stm32-46
Added Net: Name=PB9
Added Pin To Net: NetName=PB10 Pin=Header 20-15
Added Pin To Net: NetName=PB10 Pin=stm32-21
Added Net: Name=PB10
Added Pin To Net: NetName=PB11 Pin=Header 20-16
Added Pin To Net: NetName=PB11 Pin=stm32-22
Added Net: Name=PB11
Added Pin To Net: NetName=PB12 Pin=Header 20.2-20
Added Pin To Net: NetName=PB12 Pin=stm32-25
Added Net: Name=PB12
Added Pin To Net: NetName=PB13 Pin=Header 20.2-19
Added Pin To Net: NetName=PB13 Pin=stm32-26
Added Net: Name=PB13
Added Pin To Net: NetName=PB14 Pin=Header 20.2-18
Added Pin To Net: NetName=PB14 Pin=stm32-27
Added Net: Name=PB14
Added Pin To Net: NetName=PB15 Pin=Header 20.2-17
Added Pin To Net: NetName=PB15 Pin=stm32-28
Added Net: Name=PB15
Added Pin To Net: NetName=PC13 Pin=Header 20-2
Added Pin To Net: NetName=PC13 Pin=stm32-2
Added Net: Name=PC13
Added Pin To Net: NetName=PC14 Pin=C9-2
Added Pin To Net: NetName=PC14 Pin=Header 20-3
Added Pin To Net: NetName=PC14 Pin=stm32-3
Added Pin To Net: NetName=PC14 Pin=Y3-3
Added Net: Name=PC14
Added Pin To Net: NetName=PC15 Pin=C12-2
Added Pin To Net: NetName=PC15 Pin=Header 20-4
Added Pin To Net: NetName=PC15 Pin=stm32-4
Added Pin To Net: NetName=PC15 Pin=Y3-1
Added Net: Name=PC15
Added Pin To Net: NetName=RESET Pin=Header 20-17
Added Pin To Net: NetName=RESET Pin=stm32-7
Added Pin To Net: NetName=RESET Pin=SW-1
Added Net: Name=RESET
Added Pin To Net: NetName=SWCLK Pin=Header 4-3
Added Pin To Net: NetName=SWCLK Pin=stm32-37
Added Net: Name=SWCLK
Added Pin To Net: NetName=SWIO Pin=Header 4-2
Added Pin To Net: NetName=SWIO Pin=stm32-34
Added Net: Name=SWIO
Added Pin To Net: NetName=VBAT Pin=Header 20-1
Added Pin To Net: NetName=VBAT Pin=stm32-1
Added Net: Name=VBAT
Added Pin To Net: NetName=VCC3V3 Pin=C1-2
Added Pin To Net: NetName=VCC3V3 Pin=C3-2
Added Pin To Net: NetName=VCC3V3 Pin=C4-2
Added Pin To Net: NetName=VCC3V3 Pin=C8-2
Added Pin To Net: NetName=VCC3V3 Pin=C11-2
Added Pin To Net: NetName=VCC3V3 Pin=D1-1
Added Pin To Net: NetName=VCC3V3 Pin=D2-1
Added Pin To Net: NetName=VCC3V3 Pin=Header 3X2-1
Added Pin To Net: NetName=VCC3V3 Pin=Header 3X2-2
Added Pin To Net: NetName=VCC3V3 Pin=Header 4-1
Added Pin To Net: NetName=VCC3V3 Pin=Header 20-18
Added Pin To Net: NetName=VCC3V3 Pin=Header 20.2-1
Added Pin To Net: NetName=VCC3V3 Pin=R2-2
Added Pin To Net: NetName=VCC3V3 Pin=Regulator-5
Added Pin To Net: NetName=VCC3V3 Pin=stm32-9
Added Pin To Net: NetName=VCC3V3 Pin=stm32-24
Added Pin To Net: NetName=VCC3V3 Pin=stm32-36
Added Pin To Net: NetName=VCC3V3 Pin=stm32-48
Added Net: Name=VCC3V3
Added Class: Name=Sheet1
Added Room: Name=Sheet1
