Added Component: Designator=A1(7segment)
Add component. Clean all parameters for all variants
Added Component: Designator=A2(7segment)
Add component. Clean all parameters for all variants
Added Component: Designator=A3(7segment)
Add component. Clean all parameters for all variants
Added Component: Designator=A4(7segment)
Add component. Clean all parameters for all variants
Added Component: Designator=C4(CH1206C)
Add component. Clean all parameters for all variants
Add component (AddParameter): Name = "ComponentKind"; Value = ""; VariantName = "[No Variations]"
Add component (AddParameter): Name = "HelpURL"; Value = ""; VariantName = "[No Variations]"
Add component (AddParameter): Name = "Manufacturer"; Value = ""; VariantName = "[No Variations]"
Add component (AddParameter): Name = "Model"; Value = ""; VariantName = "[No Variations]"
Add component (AddParameter): Name = "Value"; Value = ""; VariantName = "[No Variations]"
Added Component: Designator=C5(CH0402C)
Add component. Clean all parameters for all variants
Add component (AddParameter): Name = "ComponentKind"; Value = ""; VariantName = "[No Variations]"
Add component (AddParameter): Name = "HelpURL"; Value = ""; VariantName = "[No Variations]"
Add component (AddParameter): Name = "Manufacturer"; Value = ""; VariantName = "[No Variations]"
Add component (AddParameter): Name = "Model"; Value = ""; VariantName = "[No Variations]"
Add component (AddParameter): Name = "Value"; Value = ""; VariantName = "[No Variations]"
Added Component: Designator=C6(CH0805C)
Add component. Clean all parameters for all variants
Add component (AddParameter): Name = "ComponentKind"; Value = ""; VariantName = "[No Variations]"
Add component (AddParameter): Name = "HelpURL"; Value = ""; VariantName = "[No Variations]"
Add component (AddParameter): Name = "Manufacturer"; Value = ""; VariantName = "[No Variations]"
Add component (AddParameter): Name = "Model"; Value = ""; VariantName = "[No Variations]"
Add component (AddParameter): Name = "Value"; Value = ""; VariantName = "[No Variations]"
Added Component: Designator=C7(CH0805C)
Add component. Clean all parameters for all variants
Add component (AddParameter): Name = "ComponentKind"; Value = ""; VariantName = "[No Variations]"
Add component (AddParameter): Name = "HelpURL"; Value = ""; VariantName = "[No Variations]"
Add component (AddParameter): Name = "Manufacturer"; Value = ""; VariantName = "[No Variations]"
Add component (AddParameter): Name = "Model"; Value = ""; VariantName = "[No Variations]"
Add component (AddParameter): Name = "Value"; Value = ""; VariantName = "[No Variations]"
Added Component: Designator=Cvar(RAD-0.3)
Add component. Clean all parameters for all variants
Add component (AddParameter): Name = "LatestRevisionDate"; Value = "17-Jul-2002"; VariantName = "[No Variations]"
Add component (AddParameter): Name = "LatestRevisionNote"; Value = "Re-released for DXP Platform."; VariantName = "[No Variations]"
Add component (AddParameter): Name = "PackageDescription"; Value = "Radial Cap, Thru-Hole; 2 Leads; 0.3 in Pin Spacing"; VariantName = "[No Variations]"
Add component (AddParameter): Name = "PackageReference"; Value = "RAD-0.3"; VariantName = "[No Variations]"
Add component (AddParameter): Name = "Published"; Value = "8-Jun-2000"; VariantName = "[No Variations]"
Add component (AddParameter): Name = "Publisher"; Value = "Altium Limited"; VariantName = "[No Variations]"
Add component (AddParameter): Name = "Value"; Value = "megure"; VariantName = "[No Variations]"
Added Component: Designator=P1(CN6BOX)
Add component. Clean all parameters for all variants
Added Component: Designator=Q1(PST600C)
Add component. Clean all parameters for all variants
Added Component: Designator=Q2(PST600C)
Add component. Clean all parameters for all variants
Added Component: Designator=Q3(PST600C)
Add component. Clean all parameters for all variants
Added Component: Designator=Q4(PST600C)
Add component. Clean all parameters for all variants
Added Component: Designator=Q5(PST600C)
Add component. Clean all parameters for all variants
Added Component: Designator=R1(CH0402R)
Add component. Clean all parameters for all variants
Add component (AddParameter): Name = "ComponentKind"; Value = ""; VariantName = "[No Variations]"
Add component (AddParameter): Name = "HelpURL"; Value = ""; VariantName = "[No Variations]"
Add component (AddParameter): Name = "Manufacturer"; Value = ""; VariantName = "[No Variations]"
Add component (AddParameter): Name = "Model"; Value = ""; VariantName = "[No Variations]"
Add component (AddParameter): Name = "Value"; Value = ""; VariantName = "[No Variations]"
Added Component: Designator=R2(CH0402R)
Add component. Clean all parameters for all variants
Add component (AddParameter): Name = "ComponentKind"; Value = ""; VariantName = "[No Variations]"
Add component (AddParameter): Name = "HelpURL"; Value = ""; VariantName = "[No Variations]"
Add component (AddParameter): Name = "Manufacturer"; Value = ""; VariantName = "[No Variations]"
Add component (AddParameter): Name = "Model"; Value = ""; VariantName = "[No Variations]"
Add component (AddParameter): Name = "Value"; Value = ""; VariantName = "[No Variations]"
Added Component: Designator=R3(CH0402R)
Add component. Clean all parameters for all variants
Add component (AddParameter): Name = "ComponentKind"; Value = ""; VariantName = "[No Variations]"
Add component (AddParameter): Name = "HelpURL"; Value = ""; VariantName = "[No Variations]"
Add component (AddParameter): Name = "Manufacturer"; Value = ""; VariantName = "[No Variations]"
Add component (AddParameter): Name = "Model"; Value = ""; VariantName = "[No Variations]"
Add component (AddParameter): Name = "Value"; Value = ""; VariantName = "[No Variations]"
Added Component: Designator=R4(CH0402R)
Add component. Clean all parameters for all variants
Add component (AddParameter): Name = "ComponentKind"; Value = ""; VariantName = "[No Variations]"
Add component (AddParameter): Name = "HelpURL"; Value = ""; VariantName = "[No Variations]"
Add component (AddParameter): Name = "Manufacturer"; Value = ""; VariantName = "[No Variations]"
Add component (AddParameter): Name = "Model"; Value = ""; VariantName = "[No Variations]"
Add component (AddParameter): Name = "Value"; Value = ""; VariantName = "[No Variations]"
Added Component: Designator=R5(CH0402R)
Add component. Clean all parameters for all variants
Add component (AddParameter): Name = "ComponentKind"; Value = ""; VariantName = "[No Variations]"
Add component (AddParameter): Name = "HelpURL"; Value = ""; VariantName = "[No Variations]"
Add component (AddParameter): Name = "Manufacturer"; Value = ""; VariantName = "[No Variations]"
Add component (AddParameter): Name = "Model"; Value = ""; VariantName = "[No Variations]"
Add component (AddParameter): Name = "Value"; Value = ""; VariantName = "[No Variations]"
Added Component: Designator=R6(CH0402R)
Add component. Clean all parameters for all variants
Add component (AddParameter): Name = "ComponentKind"; Value = ""; VariantName = "[No Variations]"
Add component (AddParameter): Name = "HelpURL"; Value = ""; VariantName = "[No Variations]"
Add component (AddParameter): Name = "Manufacturer"; Value = ""; VariantName = "[No Variations]"
Add component (AddParameter): Name = "Model"; Value = ""; VariantName = "[No Variations]"
Add component (AddParameter): Name = "Value"; Value = ""; VariantName = "[No Variations]"
Added Component: Designator=R7(CH0402R)
Add component. Clean all parameters for all variants
Add component (AddParameter): Name = "ComponentKind"; Value = ""; VariantName = "[No Variations]"
Add component (AddParameter): Name = "HelpURL"; Value = ""; VariantName = "[No Variations]"
Add component (AddParameter): Name = "Manufacturer"; Value = ""; VariantName = "[No Variations]"
Add component (AddParameter): Name = "Model"; Value = ""; VariantName = "[No Variations]"
Add component (AddParameter): Name = "Value"; Value = ""; VariantName = "[No Variations]"
Added Component: Designator=R8(CH0402R)
Add component. Clean all parameters for all variants
Add component (AddParameter): Name = "ComponentKind"; Value = ""; VariantName = "[No Variations]"
Add component (AddParameter): Name = "HelpURL"; Value = ""; VariantName = "[No Variations]"
Add component (AddParameter): Name = "Manufacturer"; Value = ""; VariantName = "[No Variations]"
Add component (AddParameter): Name = "Model"; Value = ""; VariantName = "[No Variations]"
Add component (AddParameter): Name = "Value"; Value = ""; VariantName = "[No Variations]"
Added Component: Designator=R11(CH1206R)
Add component. Clean all parameters for all variants
Add component (AddParameter): Name = "ComponentKind"; Value = ""; VariantName = "[No Variations]"
Add component (AddParameter): Name = "HelpURL"; Value = ""; VariantName = "[No Variations]"
Add component (AddParameter): Name = "Manufacturer"; Value = ""; VariantName = "[No Variations]"
Add component (AddParameter): Name = "Model"; Value = ""; VariantName = "[No Variations]"
Add component (AddParameter): Name = "Value"; Value = ""; VariantName = "[No Variations]"
Added Component: Designator=R12(CH1206R)
Add component. Clean all parameters for all variants
Add component (AddParameter): Name = "ComponentKind"; Value = ""; VariantName = "[No Variations]"
Add component (AddParameter): Name = "HelpURL"; Value = ""; VariantName = "[No Variations]"
Add component (AddParameter): Name = "Manufacturer"; Value = ""; VariantName = "[No Variations]"
Add component (AddParameter): Name = "Model"; Value = ""; VariantName = "[No Variations]"
Add component (AddParameter): Name = "Value"; Value = ""; VariantName = "[No Variations]"
Added Component: Designator=R13(CH1206R)
Add component. Clean all parameters for all variants
Add component (AddParameter): Name = "ComponentKind"; Value = ""; VariantName = "[No Variations]"
Add component (AddParameter): Name = "HelpURL"; Value = ""; VariantName = "[No Variations]"
Add component (AddParameter): Name = "Manufacturer"; Value = ""; VariantName = "[No Variations]"
Add component (AddParameter): Name = "Model"; Value = ""; VariantName = "[No Variations]"
Add component (AddParameter): Name = "Value"; Value = ""; VariantName = "[No Variations]"
Added Component: Designator=R14(CH1206R)
Add component. Clean all parameters for all variants
Add component (AddParameter): Name = "ComponentKind"; Value = ""; VariantName = "[No Variations]"
Add component (AddParameter): Name = "HelpURL"; Value = ""; VariantName = "[No Variations]"
Add component (AddParameter): Name = "Manufacturer"; Value = ""; VariantName = "[No Variations]"
Add component (AddParameter): Name = "Model"; Value = ""; VariantName = "[No Variations]"
Add component (AddParameter): Name = "Value"; Value = ""; VariantName = "[No Variations]"
Added Component: Designator=R15(CH1206R)
Add component. Clean all parameters for all variants
Add component (AddParameter): Name = "ComponentKind"; Value = ""; VariantName = "[No Variations]"
Add component (AddParameter): Name = "HelpURL"; Value = ""; VariantName = "[No Variations]"
Add component (AddParameter): Name = "Manufacturer"; Value = ""; VariantName = "[No Variations]"
Add component (AddParameter): Name = "Model"; Value = ""; VariantName = "[No Variations]"
Add component (AddParameter): Name = "Value"; Value = ""; VariantName = "[No Variations]"
Added Component: Designator=R16(CH1206R)
Add component. Clean all parameters for all variants
Add component (AddParameter): Name = "ComponentKind"; Value = ""; VariantName = "[No Variations]"
Add component (AddParameter): Name = "HelpURL"; Value = ""; VariantName = "[No Variations]"
Add component (AddParameter): Name = "Manufacturer"; Value = ""; VariantName = "[No Variations]"
Add component (AddParameter): Name = "Model"; Value = ""; VariantName = "[No Variations]"
Add component (AddParameter): Name = "Value"; Value = ""; VariantName = "[No Variations]"
Added Component: Designator=R17(CH1206R)
Add component. Clean all parameters for all variants
Add component (AddParameter): Name = "ComponentKind"; Value = ""; VariantName = "[No Variations]"
Add component (AddParameter): Name = "HelpURL"; Value = ""; VariantName = "[No Variations]"
Add component (AddParameter): Name = "Manufacturer"; Value = ""; VariantName = "[No Variations]"
Add component (AddParameter): Name = "Model"; Value = ""; VariantName = "[No Variations]"
Add component (AddParameter): Name = "Value"; Value = ""; VariantName = "[No Variations]"
Added Component: Designator=R18(CH1206R)
Add component. Clean all parameters for all variants
Add component (AddParameter): Name = "ComponentKind"; Value = ""; VariantName = "[No Variations]"
Add component (AddParameter): Name = "HelpURL"; Value = ""; VariantName = "[No Variations]"
Add component (AddParameter): Name = "Manufacturer"; Value = ""; VariantName = "[No Variations]"
Add component (AddParameter): Name = "Model"; Value = ""; VariantName = "[No Variations]"
Add component (AddParameter): Name = "Value"; Value = ""; VariantName = "[No Variations]"
Added Component: Designator=U1(AT90S2313)
Add component. Clean all parameters for all variants
Added Component: Designator=U2(HC4049)
Add component. Clean all parameters for all variants
Added Component: Designator=U3(PST600C)
Add component. Clean all parameters for all variants
Added Component: Designator=VDC2(7805)
Add component. Clean all parameters for all variants
Added Component: Designator=VDC(Battery)
Add component. Clean all parameters for all variants
Added Component: Designator=Y1(HC49S)
Add component. Clean all parameters for all variants
Added Pin To Net: NetName=GND Pin=C4-1
Added Pin To Net: NetName=GND Pin=C6-1
Added Pin To Net: NetName=GND Pin=C7-1
Added Pin To Net: NetName=GND Pin=Cvar-2
Added Pin To Net: NetName=GND Pin=P1-6
Added Pin To Net: NetName=GND Pin=R3-1
Added Pin To Net: NetName=GND Pin=U1-20
Added Pin To Net: NetName=GND Pin=U3-2
Added Pin To Net: NetName=GND Pin=VDC2-2
Added Pin To Net: NetName=GND Pin=VDC-2
Added Net: Name=GND
Added Pin To Net: NetName=NetA1_1 Pin=A1-1
Added Pin To Net: NetName=NetA1_1 Pin=A2-1
Added Pin To Net: NetName=NetA1_1 Pin=A3-1
Added Pin To Net: NetName=NetA1_1 Pin=A4-1
Added Pin To Net: NetName=NetA1_1 Pin=R15-2
Added Net: Name=NetA1_1
Added Pin To Net: NetName=NetA1_2 Pin=A1-2
Added Pin To Net: NetName=NetA1_2 Pin=A2-2
Added Pin To Net: NetName=NetA1_2 Pin=A3-2
Added Pin To Net: NetName=NetA1_2 Pin=A4-2
Added Pin To Net: NetName=NetA1_2 Pin=R14-2
Added Net: Name=NetA1_2
Added Pin To Net: NetName=NetA1_4 Pin=A1-4
Added Pin To Net: NetName=NetA1_4 Pin=A2-4
Added Pin To Net: NetName=NetA1_4 Pin=A3-4
Added Pin To Net: NetName=NetA1_4 Pin=A4-4
Added Pin To Net: NetName=NetA1_4 Pin=R13-2
Added Net: Name=NetA1_4
Added Pin To Net: NetName=NetA1_5 Pin=A1-5
Added Pin To Net: NetName=NetA1_5 Pin=A2-5
Added Pin To Net: NetName=NetA1_5 Pin=A3-5
Added Pin To Net: NetName=NetA1_5 Pin=A4-5
Added Pin To Net: NetName=NetA1_5 Pin=R18-2
Added Net: Name=NetA1_5
Added Pin To Net: NetName=NetA1_6 Pin=A1-6
Added Pin To Net: NetName=NetA1_6 Pin=A2-6
Added Pin To Net: NetName=NetA1_6 Pin=A3-6
Added Pin To Net: NetName=NetA1_6 Pin=A4-6
Added Pin To Net: NetName=NetA1_6 Pin=R12-2
Added Net: Name=NetA1_6
Added Pin To Net: NetName=NetA1_7 Pin=A1-7
Added Pin To Net: NetName=NetA1_7 Pin=A2-7
Added Pin To Net: NetName=NetA1_7 Pin=A3-7
Added Pin To Net: NetName=NetA1_7 Pin=A4-7
Added Net: Name=NetA1_7
Added Pin To Net: NetName=NetA1_8 Pin=A1-8
Added Pin To Net: NetName=NetA1_8 Pin=Q2-3
Added Net: Name=NetA1_8
Added Pin To Net: NetName=NetA1_9 Pin=A1-9
Added Pin To Net: NetName=NetA1_9 Pin=A2-9
Added Pin To Net: NetName=NetA1_9 Pin=A3-9
Added Pin To Net: NetName=NetA1_9 Pin=A4-9
Added Net: Name=NetA1_9
Added Pin To Net: NetName=NetA1_10 Pin=A1-10
Added Pin To Net: NetName=NetA1_10 Pin=A2-10
Added Pin To Net: NetName=NetA1_10 Pin=A3-10
Added Pin To Net: NetName=NetA1_10 Pin=A4-10
Added Pin To Net: NetName=NetA1_10 Pin=R17-2
Added Net: Name=NetA1_10
Added Pin To Net: NetName=NetA2_8 Pin=A2-8
Added Pin To Net: NetName=NetA2_8 Pin=Q3-3
Added Net: Name=NetA2_8
Added Pin To Net: NetName=NetA3_8 Pin=A3-8
Added Pin To Net: NetName=NetA3_8 Pin=Q4-3
Added Net: Name=NetA3_8
Added Pin To Net: NetName=NetA4_8 Pin=A4-8
Added Pin To Net: NetName=NetA4_8 Pin=Q5-3
Added Net: Name=NetA4_8
Added Pin To Net: NetName=NetC4_2 Pin=C4-2
Added Pin To Net: NetName=NetC4_2 Pin=VDC2-1
Added Pin To Net: NetName=NetC4_2 Pin=VDC-1
Added Net: Name=NetC4_2
Added Pin To Net: NetName=NetC6_2 Pin=C6-2
Added Pin To Net: NetName=NetC6_2 Pin=U1-19
Added Pin To Net: NetName=NetC6_2 Pin=Y1-2
Added Net: Name=NetC6_2
Added Pin To Net: NetName=NetCvar_1 Pin=Cvar-1
Added Pin To Net: NetName=NetCvar_1 Pin=R4-1
Added Pin To Net: NetName=NetCvar_1 Pin=R5-1
Added Pin To Net: NetName=NetCvar_1 Pin=R7-2
Added Net: Name=NetCvar_1
Added Pin To Net: NetName=NetP1_1 Pin=P1-1
Added Pin To Net: NetName=NetP1_1 Pin=U1-2
Added Net: Name=NetP1_1
Added Pin To Net: NetName=NetP1_3 Pin=P1-3
Added Pin To Net: NetName=NetP1_3 Pin=U1-1
Added Net: Name=NetP1_3
Added Pin To Net: NetName=NetP1_4 Pin=P1-4
Added Pin To Net: NetName=NetP1_4 Pin=U1-3
Added Net: Name=NetP1_4
Added Pin To Net: NetName=NetP1_5 Pin=P1-5
Added Pin To Net: NetName=NetP1_5 Pin=R8-2
Added Pin To Net: NetName=NetP1_5 Pin=U1-17
Added Net: Name=NetP1_5
Added Pin To Net: NetName=NetQ1_1 Pin=Q1-1
Added Pin To Net: NetName=NetQ1_1 Pin=R4-2
Added Net: Name=NetQ1_1
Added Pin To Net: NetName=NetQ1_3 Pin=Q1-3
Added Pin To Net: NetName=NetQ1_3 Pin=R6-2
Added Net: Name=NetQ1_3
Added Pin To Net: NetName=NetQ2_1 Pin=Q2-1
Added Pin To Net: NetName=NetQ2_1 Pin=U1-10
Added Net: Name=NetQ2_1
Added Pin To Net: NetName=NetQ3_1 Pin=Q3-1
Added Pin To Net: NetName=NetQ3_1 Pin=U1-11
Added Net: Name=NetQ3_1
Added Pin To Net: NetName=NetQ4_1 Pin=Q4-1
Added Pin To Net: NetName=NetQ4_1 Pin=U1-12
Added Net: Name=NetQ4_1
Added Pin To Net: NetName=NetQ5_1 Pin=Q5-1
Added Pin To Net: NetName=NetQ5_1 Pin=U1-13
Added Net: Name=NetQ5_1
Added Pin To Net: NetName=NetR1_1 Pin=R1-1
Added Pin To Net: NetName=NetR1_1 Pin=U1-6
Added Net: Name=NetR1_1
Added Pin To Net: NetName=NetR1_2 Pin=R1-2
Added Pin To Net: NetName=NetR1_2 Pin=R2-1
Added Pin To Net: NetName=NetR1_2 Pin=R3-2
Added Pin To Net: NetName=NetR1_2 Pin=U1-7
Added Net: Name=NetR1_2
Added Pin To Net: NetName=NetR6_1 Pin=R6-1
Added Pin To Net: NetName=NetR6_1 Pin=U1-5
Added Net: Name=NetR6_1
Added Pin To Net: NetName=NetR7_1 Pin=R7-1
Added Pin To Net: NetName=NetR7_1 Pin=U1-8
Added Net: Name=NetR7_1
Added Pin To Net: NetName=NetR8_1 Pin=R8-1
Added Pin To Net: NetName=NetR8_1 Pin=U3-3
Added Net: Name=NetR8_1
Added Pin To Net: NetName=NetR11_1 Pin=R11-1
Added Pin To Net: NetName=NetR11_1 Pin=U2-1
Added Net: Name=NetR11_1
Added Pin To Net: NetName=NetR12_1 Pin=R12-1
Added Pin To Net: NetName=NetR12_1 Pin=U2-2
Added Net: Name=NetR12_1
Added Pin To Net: NetName=NetR13_1 Pin=R13-1
Added Pin To Net: NetName=NetR13_1 Pin=U2-3
Added Net: Name=NetR13_1
Added Pin To Net: NetName=NetR14_1 Pin=R14-1
Added Pin To Net: NetName=NetR14_1 Pin=U2-4
Added Net: Name=NetR14_1
Added Pin To Net: NetName=NetR15_1 Pin=R15-1
Added Pin To Net: NetName=NetR15_1 Pin=U2-5
Added Net: Name=NetR15_1
Added Pin To Net: NetName=NetR16_1 Pin=R16-1
Added Pin To Net: NetName=NetR16_1 Pin=U2-6
Added Net: Name=NetR16_1
Added Pin To Net: NetName=NetR17_1 Pin=R17-1
Added Pin To Net: NetName=NetR17_1 Pin=U2-7
Added Net: Name=NetR17_1
Added Pin To Net: NetName=NetR18_1 Pin=R18-1
Added Pin To Net: NetName=NetR18_1 Pin=U2-8
Added Net: Name=NetR18_1
Added Pin To Net: NetName=NetSW1_2 Pin=U1-4
Added Net: Name=NetSW1_2
Added Pin To Net: NetName=NetU1_14 Pin=U1-14
Added Pin To Net: NetName=NetU1_14 Pin=U2-9
Added Net: Name=NetU1_14
Added Pin To Net: NetName=NetU1_15 Pin=U1-15
Added Pin To Net: NetName=NetU1_15 Pin=U2-10
Added Net: Name=NetU1_15
Added Pin To Net: NetName=NetU1_18 Pin=U1-18
Added Pin To Net: NetName=NetU1_18 Pin=Y1-1
Added Net: Name=NetU1_18
Added Pin To Net: NetName=VCC Pin=C5-1
Added Pin To Net: NetName=VCC Pin=P1-2
Added Pin To Net: NetName=VCC Pin=Q1-2
Added Pin To Net: NetName=VCC Pin=Q2-2
Added Pin To Net: NetName=VCC Pin=Q3-2
Added Pin To Net: NetName=VCC Pin=Q4-2
Added Pin To Net: NetName=VCC Pin=Q5-2
Added Pin To Net: NetName=VCC Pin=R2-2
Added Pin To Net: NetName=VCC Pin=R5-2
Added Pin To Net: NetName=VCC Pin=U1-16
Added Pin To Net: NetName=VCC Pin=U2-11
Added Pin To Net: NetName=VCC Pin=U2-12
Added Pin To Net: NetName=VCC Pin=U3-1
Added Pin To Net: NetName=VCC Pin=VDC2-3
Added Net: Name=VCC
Added Class: Name=Sheet1
Added Room: Name=Sheet1
