Added Component: Designator=R12(CF-100)
Add component. Clean all parameters for all variants
Add component (AddParameter): Name = "ComponentKind"; Value = ""; VariantName = "[No Variations]"
Add component (AddParameter): Name = "HelpURL"; Value = ""; VariantName = "[No Variations]"
Add component (AddParameter): Name = "Manufacture"; Value = ""; VariantName = "[No Variations]"
Add component (AddParameter): Name = "Model"; Value = ""; VariantName = "[No Variations]"
Add component (AddParameter): Name = "Value"; Value = "0.22"; VariantName = "[No Variations]"
Added Component: Designator=R13(CF-100)
Add component. Clean all parameters for all variants
Add component (AddParameter): Name = "ComponentKind"; Value = ""; VariantName = "[No Variations]"
Add component (AddParameter): Name = "HelpURL"; Value = ""; VariantName = "[No Variations]"
Add component (AddParameter): Name = "Manufacture"; Value = ""; VariantName = "[No Variations]"
Add component (AddParameter): Name = "Model"; Value = ""; VariantName = "[No Variations]"
Add component (AddParameter): Name = "Value"; Value = "0.22"; VariantName = "[No Variations]"
Added Component: Designator=XP(CON: PBS-2)
Add component. Clean all parameters for all variants
Add component (AddParameter): Name = "ComponentKind"; Value = ""; VariantName = "[No Variations]"
Add component (AddParameter): Name = "HelpURL"; Value = ""; VariantName = "[No Variations]"
Add component (AddParameter): Name = "Manufacturer"; Value = ""; VariantName = "[No Variations]"
Add component (AddParameter): Name = "Model"; Value = ""; VariantName = "[No Variations]"
Added Component: Designator=XS1(CON: WJ06-02P)
Add component. Clean all parameters for all variants
Add component (AddParameter): Name = "ComponentKind"; Value = ""; VariantName = "[No Variations]"
Add component (AddParameter): Name = "HelpURL"; Value = ""; VariantName = "[No Variations]"
Add component (AddParameter): Name = "Manufacturer"; Value = ""; VariantName = "[No Variations]"
Add component (AddParameter): Name = "Model"; Value = ""; VariantName = "[No Variations]"
Added Component: Designator=XS2(CON: WJ06-02P)
Add component. Clean all parameters for all variants
Add component (AddParameter): Name = "ComponentKind"; Value = ""; VariantName = "[No Variations]"
Add component (AddParameter): Name = "HelpURL"; Value = ""; VariantName = "[No Variations]"
Add component (AddParameter): Name = "Manufacturer"; Value = ""; VariantName = "[No Variations]"
Add component (AddParameter): Name = "Model"; Value = ""; VariantName = "[No Variations]"
Added Pin To Net: NetName=NetC5_2 Pin=R12-1
Added Pin To Net: NetName=NetR12_2 Pin=R12-2
Added Pin To Net: NetName=NetR13_1 Pin=R13-1
Added Pin To Net: NetName=NetC5_2 Pin=R13-2
Added Pin To Net: NetName=NetC7_2 Pin=XP-1
Added Pin To Net: NetName=GND Pin=XP-2
Added Pin To Net: NetName=NetC1_1 Pin=XS1-1
Added Pin To Net: NetName=GND Pin=XS1-2
Added Pin To Net: NetName=NetC8_2 Pin=XS2-1
Added Pin To Net: NetName=GND Pin=XS2-2
Added Member To Class: ClassName=Sheet1 Member=Component R12 0.22
Added Member To Class: ClassName=Sheet1 Member=Component R13 0.22
Added Member To Class: ClassName=Sheet1 Member=Component XP *
Added Member To Class: ClassName=Sheet1 Member=Component XS1 *
Added Member To Class: ClassName=Sheet1 Member=Component XS2 *
Added Room: Name=Sheet1
